2020-06-20 14:03:00.817  INFO 17276 --- [main] t.e.spring.DariSpringBootApplication     : Starting DariSpringBootApplication on LAPTOP-535VT1FK with PID 17276 (C:\Users\youss\git\dari-spring-boot\dari-spring-boot\src\main\webapp\WEB-INF\classes started by youss in C:\Users\youss\git\dari-spring-boot\dari-spring-boot)
2020-06-20 14:03:00.833  INFO 17276 --- [main] t.e.spring.DariSpringBootApplication     : No active profile set, falling back to default profiles: default
2020-06-20 14:03:02.233  INFO 17276 --- [main] .s.d.r.c.RepositoryConfigurationDelegate : Bootstrapping Spring Data JPA repositories in DEFAULT mode.
2020-06-20 14:03:02.668  INFO 17276 --- [main] .s.d.r.c.RepositoryConfigurationDelegate : Finished Spring Data repository scanning in 412ms. Found 17 JPA repository interfaces.
2020-06-20 14:03:03.773  INFO 17276 --- [main] o.s.b.w.embedded.tomcat.TomcatWebServer  : Tomcat initialized with port(s): 8081 (http)
2020-06-20 14:03:03.787  INFO 17276 --- [main] o.apache.catalina.core.StandardService   : Starting service [Tomcat]
2020-06-20 14:03:03.788  INFO 17276 --- [main] org.apache.catalina.core.StandardEngine  : Starting Servlet engine: [Apache Tomcat/9.0.31]
2020-06-20 14:03:04.224  INFO 17276 --- [main] org.apache.jasper.servlet.TldScanner     : At least one JAR was scanned for TLDs yet contained no TLDs. Enable debug logging for this logger for a complete list of JARs that were scanned but no TLDs were found in them. Skipping unneeded JARs during scanning can improve startup time and JSP compilation time.
2020-06-20 14:03:04.244  INFO 17276 --- [main] o.a.c.c.C.[Tomcat].[localhost].[/]       : Initializing Spring embedded WebApplicationContext
2020-06-20 14:03:04.245  INFO 17276 --- [main] o.s.web.context.ContextLoader            : Root WebApplicationContext: initialization completed in 3289 ms
2020-06-20 14:03:04.563  INFO 17276 --- [main] .a.m.c.DefaultFacesConfigurationProvider : Reading standard config META-INF/standard-faces-config.xml
2020-06-20 14:03:04.789  INFO 17276 --- [main] .a.m.c.DefaultFacesConfigurationProvider : Reading config /WEB-INF/faces-config.xml
2020-06-20 14:03:07.038  INFO 17276 --- [main] .a.m.c.DefaultFacesConfigurationProvider : Reading config : jar:file:/C:/Users/youss/.m2/repository/org/ocpsoft/rewrite/rewrite-integration-faces/3.4.1.Final/rewrite-integration-faces-3.4.1.Final.jar!/META-INF/faces-config.xml
2020-06-20 14:03:07.040  INFO 17276 --- [main] .a.m.c.DefaultFacesConfigurationProvider : Reading config : jar:file:/C:/Users/youss/.m2/repository/org/primefaces/primefaces/8.0/primefaces-8.0.jar!/META-INF/faces-config.xml
2020-06-20 14:03:07.576  INFO 17276 --- [main] o.apache.myfaces.config.LogMetaInfUtils  : Artifact 'myfaces-api' was found in version '2.2.12' from path 'file:/C:/Users/youss/.m2/repository/org/apache/myfaces/core/myfaces-api/2.2.12/myfaces-api-2.2.12.jar'
2020-06-20 14:03:07.576  INFO 17276 --- [main] o.apache.myfaces.config.LogMetaInfUtils  : Artifact 'myfaces-impl' was found in version '2.2.12' from path 'file:/C:/Users/youss/.m2/repository/org/apache/myfaces/core/myfaces-impl/2.2.12/myfaces-impl-2.2.12.jar'
2020-06-20 14:03:07.591  INFO 17276 --- [main] o.a.myfaces.util.ExternalSpecifications  : MyFaces CDI support disabled
2020-06-20 14:03:07.593  INFO 17276 --- [main] .a.m.s.i.DefaultInjectionProviderFactory : Using InjectionProvider org.apache.myfaces.spi.impl.Tomcat7AnnotationInjectionProvider
2020-06-20 14:03:07.680  INFO 17276 --- [main] o.a.myfaces.util.ExternalSpecifications  : MyFaces Bean Validation support enabled
2020-06-20 14:03:07.723  INFO 17276 --- [main] unknown.jul.logger                       : RewritePhaseListener starting up.
2020-06-20 14:03:07.724  INFO 17276 --- [main] o.a.myfaces.application.ApplicationImpl  : Couldn't discover the current project stage, using Production
2020-06-20 14:03:07.725  INFO 17276 --- [main] o.a.myfaces.config.FacesConfigurator     : Serialization provider : class org.apache.myfaces.shared_impl.util.serial.DefaultSerialFactory
2020-06-20 14:03:07.730  INFO 17276 --- [main] .a.m.c.a.DefaultLifecycleProviderFactory : Using LifecycleProvider org.apache.myfaces.config.annotation.Tomcat7AnnotationLifecycleProvider
2020-06-20 14:03:08.119  INFO 17276 --- [main] .w.PostConstructApplicationEventListener : Running on PrimeFaces 8.0
2020-06-20 14:03:08.119  INFO 17276 --- [main] o.a.m.webapp.AbstractFacesInitializer    : ServletContext initialized.
2020-06-20 14:03:08.123  INFO 17276 --- [main] o.a.m.webapp.WebConfigParamsLogger       : Tomahawk jar not available. Autoscrolling, DetectJavascript, AddResourceClass and CheckExtensionsFilter are disabled now.
2020-06-20 14:03:08.124  INFO 17276 --- [main] o.a.m.webapp.WebConfigParamsLogger       : Scanning for context init parameters not defined. It is not necessary to define them all into your web.xml, they are just provided here for informative purposes. To disable this messages set org.apache.myfaces.LOG_WEB_CONTEXT_PARAMS config param to 'false'
2020-06-20 14:03:08.124  INFO 17276 --- [main] o.a.m.webapp.WebConfigParamsLogger       : No context init parameter 'javax.faces.RESOURCE_EXCLUDES' found, using default value '.class .jsp .jspx .properties .xhtml .groovy'.
2020-06-20 14:03:08.124  INFO 17276 --- [main] o.a.m.webapp.WebConfigParamsLogger       : No context init parameter 'javax.faces.STATE_SAVING_METHOD' found, using default value 'server'.
2020-06-20 14:03:08.124  INFO 17276 --- [main] o.a.m.webapp.WebConfigParamsLogger       : No context init parameter 'javax.faces.FULL_STATE_SAVING_VIEW_IDS' found.
2020-06-20 14:03:08.124  INFO 17276 --- [main] o.a.m.webapp.WebConfigParamsLogger       : No context init parameter 'javax.faces.PARTIAL_STATE_SAVING' found, using default value 'true (false with 1.2 webapps)'.
2020-06-20 14:03:08.124  INFO 17276 --- [main] o.a.m.webapp.WebConfigParamsLogger       : No context init parameter 'javax.faces.SERIALIZE_SERVER_STATE' found, using default value 'false'.
2020-06-20 14:03:08.124  INFO 17276 --- [main] o.a.m.webapp.WebConfigParamsLogger       : No context init parameter 'javax.faces.DEFAULT_SUFFIX' found, using default value '.xhtml .view.xml .jsp'.
2020-06-20 14:03:08.125  INFO 17276 --- [main] o.a.m.webapp.WebConfigParamsLogger       : No context init parameter 'javax.faces.FACELETS_SUFFIX' found, using default value '.xhtml'.
2020-06-20 14:03:08.125  INFO 17276 --- [main] o.a.m.webapp.WebConfigParamsLogger       : No context init parameter 'javax.faces.FACELETS_VIEW_MAPPINGS' found.
2020-06-20 14:03:08.125  INFO 17276 --- [main] o.a.m.webapp.WebConfigParamsLogger       : No context init parameter 'DISABLE_FACELET_JSF_VIEWHANDLER' found.
2020-06-20 14:03:08.125  INFO 17276 --- [main] o.a.m.webapp.WebConfigParamsLogger       : No context init parameter 'javax.faces.FACELETS_BUFFER_SIZE' found, using default value '1024'.
2020-06-20 14:03:08.125  INFO 17276 --- [main] o.a.m.webapp.WebConfigParamsLogger       : No context init parameter 'javax.faces.FACELETS_DECORATORS' found.
2020-06-20 14:03:08.125  INFO 17276 --- [main] o.a.m.webapp.WebConfigParamsLogger       : No context init parameter 'javax.faces.FACELETS_LIBRARIES' found.
2020-06-20 14:03:08.125  INFO 17276 --- [main] o.a.m.webapp.WebConfigParamsLogger       : No context init parameter 'javax.faces.FACELETS_REFRESH_PERIOD' found, using default value '-1'.
2020-06-20 14:03:08.125  INFO 17276 --- [main] o.a.m.webapp.WebConfigParamsLogger       : No context init parameter 'javax.faces.FACELETS_SKIP_COMMENTS' found.
2020-06-20 14:03:08.125  INFO 17276 --- [main] o.a.m.webapp.WebConfigParamsLogger       : No context init parameter 'javax.faces.HONOR_CURRENT_COMPONENT_ATTRIBUTES' found, using default value 'false'.
2020-06-20 14:03:08.125  INFO 17276 --- [main] o.a.m.webapp.WebConfigParamsLogger       : No context init parameter 'javax.faces.VALIDATE_EMPTY_FIELDS' found, using default value 'auto'.
2020-06-20 14:03:08.125  INFO 17276 --- [main] o.a.m.webapp.WebConfigParamsLogger       : No context init parameter 'javax.faces.INTERPRET_EMPTY_STRING_SUBMITTED_VALUES_AS_NULL' found, using default value 'false'.
2020-06-20 14:03:08.125  INFO 17276 --- [main] o.a.m.webapp.WebConfigParamsLogger       : No context init parameter 'javax.faces.DATETIMECONVERTER_DEFAULT_TIMEZONE_IS_SYSTEM_TIMEZONE' found, using default value 'false'.
2020-06-20 14:03:08.126  INFO 17276 --- [main] o.a.m.webapp.WebConfigParamsLogger       : No context init parameter 'org.apache.myfaces.ENUM_CONVERTER_ALLOW_STRING_PASSTROUGH' found, using default value 'false'.
2020-06-20 14:03:08.126  INFO 17276 --- [main] o.a.m.webapp.WebConfigParamsLogger       : No context init parameter 'javax.faces.validator.DISABLE_DEFAULT_BEAN_VALIDATOR' found, using default value 'true'.
2020-06-20 14:03:08.126  INFO 17276 --- [main] o.a.m.webapp.WebConfigParamsLogger       : No context init parameter 'javax.faces.CONFIG_FILES' found.
2020-06-20 14:03:08.126  INFO 17276 --- [main] o.a.m.webapp.WebConfigParamsLogger       : No context init parameter 'javax.faces.LIFECYCLE_ID' found.
2020-06-20 14:03:08.126  INFO 17276 --- [main] o.a.m.webapp.WebConfigParamsLogger       : No context init parameter 'org.apache.myfaces.ERROR_HANDLER' found.
2020-06-20 14:03:08.126  INFO 17276 --- [main] o.a.m.webapp.WebConfigParamsLogger       : No context init parameter 'org.apache.myfaces.CHECKED_VIEWID_CACHE_SIZE' found, using default value '500'.
2020-06-20 14:03:08.126  INFO 17276 --- [main] o.a.m.webapp.WebConfigParamsLogger       : No context init parameter 'org.apache.myfaces.CHECKED_VIEWID_CACHE_ENABLED' found, using default value 'true'.
2020-06-20 14:03:08.126  INFO 17276 --- [main] o.a.m.webapp.WebConfigParamsLogger       : No context init parameter 'org.apache.myfaces.PRETTY_HTML' found, using default value 'true'.
2020-06-20 14:03:08.126  INFO 17276 --- [main] o.a.m.webapp.WebConfigParamsLogger       : No context init parameter 'org.apache.myfaces.ALLOW_JAVASCRIPT' found, using default value 'true'.
2020-06-20 14:03:08.127  INFO 17276 --- [main] o.a.m.webapp.WebConfigParamsLogger       : No context init parameter 'org.apache.myfaces.CONFIG_REFRESH_PERIOD' found, using default value '2'.
2020-06-20 14:03:08.127  INFO 17276 --- [main] o.a.m.webapp.WebConfigParamsLogger       : No context init parameter 'org.apache.myfaces.VIEWSTATE_JAVASCRIPT' found, using default value 'false'.
2020-06-20 14:03:08.127  INFO 17276 --- [main] o.a.m.webapp.WebConfigParamsLogger       : No context init parameter 'org.apache.myfaces.RENDER_VIEWSTATE_ID' found, using default value 'true'.
2020-06-20 14:03:08.127  INFO 17276 --- [main] o.a.m.webapp.WebConfigParamsLogger       : No context init parameter 'org.apache.myfaces.STRICT_XHTML_LINKS' found, using default value 'true'.
2020-06-20 14:03:08.127  INFO 17276 --- [main] o.a.m.webapp.WebConfigParamsLogger       : No context init parameter 'org.apache.myfaces.RENDER_CLEAR_JAVASCRIPT_FOR_BUTTON' found, using default value 'false'.
2020-06-20 14:03:08.127  INFO 17276 --- [main] o.a.m.webapp.WebConfigParamsLogger       : No context init parameter 'org.apache.myfaces.RENDER_HIDDEN_FIELDS_FOR_LINK_PARAMS' found, using default value 'false'.
2020-06-20 14:03:08.127  INFO 17276 --- [main] o.a.m.webapp.WebConfigParamsLogger       : No context init parameter 'org.apache.myfaces.SAVE_FORM_SUBMIT_LINK_IE' found, using default value 'false'.
2020-06-20 14:03:08.127  INFO 17276 --- [main] o.a.m.webapp.WebConfigParamsLogger       : No context init parameter 'org.apache.myfaces.DELEGATE_FACES_SERVLET' found.
2020-06-20 14:03:08.127  INFO 17276 --- [main] o.a.m.webapp.WebConfigParamsLogger       : No context init parameter 'org.apache.myfaces.REFRESH_TRANSIENT_BUILD_ON_PSS' found, using default value 'auto'.
2020-06-20 14:03:08.127  INFO 17276 --- [main] o.a.m.webapp.WebConfigParamsLogger       : No context init parameter 'org.apache.myfaces.REFRESH_TRANSIENT_BUILD_ON_PSS_PRESERVE_STATE' found, using default value 'false'.
2020-06-20 14:03:08.127  INFO 17276 --- [main] o.a.m.webapp.WebConfigParamsLogger       : No context init parameter 'org.apache.myfaces.VALIDATE_XML' found.
2020-06-20 14:03:08.128  INFO 17276 --- [main] o.a.m.webapp.WebConfigParamsLogger       : No context init parameter 'org.apache.myfaces.WRAP_SCRIPT_CONTENT_WITH_XML_COMMENT_TAG' found, using default value 'false'.
2020-06-20 14:03:08.128  INFO 17276 --- [main] o.a.m.webapp.WebConfigParamsLogger       : No context init parameter 'org.apache.myfaces.RENDER_FORM_SUBMIT_SCRIPT_INLINE' found, using default value 'false'.
2020-06-20 14:03:08.128  INFO 17276 --- [main] o.a.m.webapp.WebConfigParamsLogger       : No context init parameter 'org.apache.myfaces.DEBUG_PHASE_LISTENER' found.
2020-06-20 14:03:08.128  INFO 17276 --- [main] o.a.m.webapp.WebConfigParamsLogger       : No context init parameter 'org.apache.myfaces.STRICT_JSF_2_REFRESH_TARGET_AJAX' found, using default value 'false'.
2020-06-20 14:03:08.128  INFO 17276 --- [main] o.a.m.webapp.WebConfigParamsLogger       : No context init parameter 'org.apache.myfaces.STRICT_JSF_2_CC_EL_RESOLVER' found, using default value 'false'.
2020-06-20 14:03:08.128  INFO 17276 --- [main] o.a.m.webapp.WebConfigParamsLogger       : No context init parameter 'org.apache.myfaces.DEFAULT_RESPONSE_WRITER_CONTENT_TYPE_MODE' found, using default value 'text/html'.
2020-06-20 14:03:08.128  INFO 17276 --- [main] o.a.m.webapp.WebConfigParamsLogger       : No context init parameter 'org.apache.myfaces.VIEW_UNIQUE_IDS_CACHE_ENABLED' found, using default value 'true'.
2020-06-20 14:03:08.128  INFO 17276 --- [main] o.a.m.webapp.WebConfigParamsLogger       : No context init parameter 'org.apache.myfaces.COMPONENT_UNIQUE_IDS_CACHE_SIZE' found, using default value '100'.
2020-06-20 14:03:08.128  INFO 17276 --- [main] o.a.m.webapp.WebConfigParamsLogger       : No context init parameter 'org.apache.myfaces.SUPPORT_JSP_AND_FACES_EL' found, using default value 'true'.
2020-06-20 14:03:08.128  INFO 17276 --- [main] o.a.m.webapp.WebConfigParamsLogger       : No context init parameter 'org.apache.myfaces.GAE_JSF_JAR_FILES' found.
2020-06-20 14:03:08.128  INFO 17276 --- [main] o.a.m.webapp.WebConfigParamsLogger       : No context init parameter 'org.apache.myfaces.GAE_JSF_ANNOTATIONS_JAR_FILES' found.
2020-06-20 14:03:08.128  INFO 17276 --- [main] o.a.m.webapp.WebConfigParamsLogger       : No context init parameter 'org.apache.myfaces.STRICT_JSF_2_VIEW_NOT_FOUND' found, using default value 'false'.
2020-06-20 14:03:08.128  INFO 17276 --- [main] o.a.m.webapp.WebConfigParamsLogger       : No context init parameter 'org.apache.myfaces.EARLY_FLUSH_ENABLED' found, using default value 'false'.
2020-06-20 14:03:08.128  INFO 17276 --- [main] o.a.m.webapp.WebConfigParamsLogger       : No context init parameter 'org.apache.myfaces.CDI_MANAGED_CONVERTERS_ENABLED' found, using default value 'false'.
2020-06-20 14:03:08.128  INFO 17276 --- [main] o.a.m.webapp.WebConfigParamsLogger       : No context init parameter 'org.apache.myfaces.CDI_MANAGED_VALIDATORS_ENABLED' found, using default value 'false'.
2020-06-20 14:03:08.128  INFO 17276 --- [main] o.a.m.webapp.WebConfigParamsLogger       : No context init parameter 'org.apache.myfaces.STRICT_JSF_2_FACELETS_COMPATIBILITY' found, using default value 'false'.
2020-06-20 14:03:08.128  INFO 17276 --- [main] o.a.m.webapp.WebConfigParamsLogger       : No context init parameter 'org.apache.myfaces.RENDER_FORM_VIEW_STATE_AT_BEGIN' found, using default value 'false'.
2020-06-20 14:03:08.129  INFO 17276 --- [main] o.a.m.webapp.WebConfigParamsLogger       : No context init parameter 'org.apache.myfaces.FLASH_SCOPE_DISABLED' found, using default value 'false'.
2020-06-20 14:03:08.129  INFO 17276 --- [main] o.a.m.webapp.WebConfigParamsLogger       : No context init parameter 'org.apache.myfaces.NUMBER_OF_VIEWS_IN_SESSION' found, using default value '20'.
2020-06-20 14:03:08.129  INFO 17276 --- [main] o.a.m.webapp.WebConfigParamsLogger       : No context init parameter 'org.apache.myfaces.NUMBER_OF_SEQUENTIAL_VIEWS_IN_SESSION' found, using default value '4'.
2020-06-20 14:03:08.129  INFO 17276 --- [main] o.a.m.webapp.WebConfigParamsLogger       : No context init parameter 'org.apache.myfaces.NUMBER_OF_FLASH_TOKENS_IN_SESSION' found.
2020-06-20 14:03:08.129  INFO 17276 --- [main] o.a.m.webapp.WebConfigParamsLogger       : No context init parameter 'org.apache.myfaces.FACES_FLOW_CLIENT_WINDOW_IDS_IN_SESSION' found.
2020-06-20 14:03:08.129  INFO 17276 --- [main] o.a.m.webapp.WebConfigParamsLogger       : No context init parameter 'org.apache.myfaces.SUPPORT_EL_3_IMPORT_HANDLER' found, using default value 'false'.
2020-06-20 14:03:08.129  INFO 17276 --- [main] o.a.m.webapp.WebConfigParamsLogger       : No context init parameter 'org.apache.myfaces.RESOURCE_MAX_TIME_EXPIRES' found, using default value '604800000'.
2020-06-20 14:03:08.129  INFO 17276 --- [main] o.a.m.webapp.WebConfigParamsLogger       : No context init parameter 'org.apache.myfaces.RESOURCE_HANDLER_CACHE_SIZE' found, using default value '500'.
2020-06-20 14:03:08.129  INFO 17276 --- [main] o.a.m.webapp.WebConfigParamsLogger       : No context init parameter 'org.apache.myfaces.RESOURCE_HANDLER_CACHE_ENABLED' found, using default value 'true'.
2020-06-20 14:03:08.129  INFO 17276 --- [main] o.a.m.webapp.WebConfigParamsLogger       : No context init parameter 'org.apache.myfaces.USE_ENCRYPTION' found, using default value 'true'.
2020-06-20 14:03:08.129  INFO 17276 --- [main] o.a.m.webapp.WebConfigParamsLogger       : No context init parameter 'org.apache.myfaces.SECRET' found.
2020-06-20 14:03:08.129  INFO 17276 --- [main] o.a.m.webapp.WebConfigParamsLogger       : No context init parameter 'org.apache.myfaces.ALGORITHM' found, using default value 'DES'.
2020-06-20 14:03:08.129  INFO 17276 --- [main] o.a.m.webapp.WebConfigParamsLogger       : No context init parameter 'org.apache.myfaces.SECRET.CACHE' found.
2020-06-20 14:03:08.129  INFO 17276 --- [main] o.a.m.webapp.WebConfigParamsLogger       : No context init parameter 'org.apache.myfaces.ALGORITHM.IV' found.
2020-06-20 14:03:08.130  INFO 17276 --- [main] o.a.m.webapp.WebConfigParamsLogger       : No context init parameter 'org.apache.myfaces.ALGORITHM.PARAMETERS' found, using default value 'ECB/PKCS5Padding'.
2020-06-20 14:03:08.130  INFO 17276 --- [main] o.a.m.webapp.WebConfigParamsLogger       : No context init parameter 'org.apache.myfaces.SERIAL_FACTORY' found.
2020-06-20 14:03:08.130  INFO 17276 --- [main] o.a.m.webapp.WebConfigParamsLogger       : No context init parameter 'org.apache.myfaces.COMPRESS_STATE_IN_CLIENT' found, using default value 'false'.
2020-06-20 14:03:08.130  INFO 17276 --- [main] o.a.m.webapp.WebConfigParamsLogger       : No context init parameter 'org.apache.myfaces.MAC_ALGORITHM' found, using default value 'HmacSHA1'.
2020-06-20 14:03:08.130  INFO 17276 --- [main] o.a.m.webapp.WebConfigParamsLogger       : No context init parameter 'org.apache.myfaces.MAC_SECRET' found.
2020-06-20 14:03:08.130  INFO 17276 --- [main] o.a.m.webapp.WebConfigParamsLogger       : No context init parameter 'org.apache.myfaces.MAC_SECRET.CACHE' found.
2020-06-20 14:03:08.130  INFO 17276 --- [main] o.a.m.webapp.WebConfigParamsLogger       : No context init parameter 'javax.faces.PROJECT_STAGE' found, using default value 'Production'.
2020-06-20 14:03:08.130  INFO 17276 --- [main] o.a.m.webapp.WebConfigParamsLogger       : No context init parameter 'org.apache.myfaces.LAZY_LOAD_CONFIG_OBJECTS' found, using default value 'true'.
2020-06-20 14:03:08.130  INFO 17276 --- [main] o.a.m.webapp.WebConfigParamsLogger       : No context init parameter 'org.apache.myfaces.STRICT_JSF_2_ALLOW_SLASH_LIBRARY_NAME' found, using default value 'false'.
2020-06-20 14:03:08.130  INFO 17276 --- [main] o.a.m.webapp.WebConfigParamsLogger       : No context init parameter 'org.apache.myfaces.RESOURCE_BUFFER_SIZE' found, using default value '2048'.
2020-06-20 14:03:08.130  INFO 17276 --- [main] o.a.m.webapp.WebConfigParamsLogger       : No context init parameter 'org.apache.myfaces.RANDOM_KEY_IN_CSRF_SESSION_TOKEN' found, using default value 'none'.
2020-06-20 14:03:08.130  INFO 17276 --- [main] o.a.m.webapp.WebConfigParamsLogger       : No context init parameter 'org.apache.myfaces.RANDOM_KEY_IN_CSRF_SESSION_TOKEN_LENGTH' found, using default value '16'.
2020-06-20 14:03:08.130  INFO 17276 --- [main] o.a.m.webapp.WebConfigParamsLogger       : No context init parameter 'org.apache.myfaces.RANDOM_KEY_IN_CSRF_SESSION_TOKEN_SECURE_RANDOM_CLASS' found.
2020-06-20 14:03:08.131  INFO 17276 --- [main] o.a.m.webapp.WebConfigParamsLogger       : No context init parameter 'org.apache.myfaces.RANDOM_KEY_IN_CSRF_SESSION_TOKEN_SECURE_RANDOM_PROVIDER' found.
2020-06-20 14:03:08.131  INFO 17276 --- [main] o.a.m.webapp.WebConfigParamsLogger       : No context init parameter 'org.apache.myfaces.RANDOM_KEY_IN_CSRF_SESSION_TOKEN_SECURE_RANDOM_ALGORITM' found, using default value 'SHA1PRNG'.
2020-06-20 14:03:08.131  INFO 17276 --- [main] o.a.m.webapp.WebConfigParamsLogger       : No context init parameter 'org.apache.myfaces.CLIENT_VIEW_STATE_TIMEOUT' found, using default value '0'.
2020-06-20 14:03:08.131  INFO 17276 --- [main] o.a.m.webapp.WebConfigParamsLogger       : No context init parameter 'org.apache.myfaces.SERIALIZE_STATE_IN_SESSION' found, using default value 'false'.
2020-06-20 14:03:08.131  INFO 17276 --- [main] o.a.m.webapp.WebConfigParamsLogger       : No context init parameter 'org.apache.myfaces.COMPRESS_STATE_IN_SESSION' found, using default value 'true'.
2020-06-20 14:03:08.131  INFO 17276 --- [main] o.a.m.webapp.WebConfigParamsLogger       : No context init parameter 'org.apache.myfaces.CACHE_OLD_VIEWS_IN_SESSION_MODE' found, using default value 'off'.
2020-06-20 14:03:08.131  INFO 17276 --- [main] o.a.m.webapp.WebConfigParamsLogger       : No context init parameter 'org.apache.myfaces.USE_FLASH_SCOPE_PURGE_VIEWS_IN_SESSION' found, using default value 'false'.
2020-06-20 14:03:08.131  INFO 17276 --- [main] o.a.m.webapp.WebConfigParamsLogger       : No context init parameter 'org.apache.myfaces.RANDOM_KEY_IN_VIEW_STATE_SESSION_TOKEN' found, using default value 'none'.
2020-06-20 14:03:08.131  INFO 17276 --- [main] o.a.m.webapp.WebConfigParamsLogger       : No context init parameter 'org.apache.myfaces.RANDOM_KEY_IN_VIEW_STATE_SESSION_TOKEN_LENGTH' found, using default value '8'.
2020-06-20 14:03:08.131  INFO 17276 --- [main] o.a.m.webapp.WebConfigParamsLogger       : No context init parameter 'org.apache.myfaces.RANDOM_KEY_IN_VIEW_STATE_SESSION_TOKEN_SECURE_RANDOM_CLASS' found.
2020-06-20 14:03:08.131  INFO 17276 --- [main] o.a.m.webapp.WebConfigParamsLogger       : No context init parameter 'org.apache.myfaces.RANDOM_KEY_IN_VIEW_STATE_SESSION_TOKEN_SECURE_RANDOM_PROVIDER' found.
2020-06-20 14:03:08.131  INFO 17276 --- [main] o.a.m.webapp.WebConfigParamsLogger       : No context init parameter 'org.apache.myfaces.RANDOM_KEY_IN_VIEW_STATE_SESSION_TOKEN_SECURE_RANDOM_ALGORITM' found, using default value 'SHA1PRNG'.
2020-06-20 14:03:08.131  INFO 17276 --- [main] o.a.m.webapp.WebConfigParamsLogger       : No context init parameter 'facelets.LIBRARIES' found.
2020-06-20 14:03:08.131  INFO 17276 --- [main] o.a.m.webapp.WebConfigParamsLogger       : No context init parameter 'org.apache.myfaces.VALIDATE' found, using default value 'false'.
2020-06-20 14:03:08.132  INFO 17276 --- [main] o.a.m.webapp.WebConfigParamsLogger       : No context init parameter 'org.apache.myfaces.annotation.USE_CDI_FOR_ANNOTATION_SCANNING' found.
2020-06-20 14:03:08.132  INFO 17276 --- [main] o.a.m.webapp.WebConfigParamsLogger       : No context init parameter 'org.apache.myfaces.annotation.SCAN_PACKAGES' found.
2020-06-20 14:03:08.132  INFO 17276 --- [main] o.a.m.webapp.WebConfigParamsLogger       : No context init parameter 'org.apache.myfaces.config.annotation.LifecycleProvider' found.
2020-06-20 14:03:08.132  INFO 17276 --- [main] o.a.m.webapp.WebConfigParamsLogger       : No context init parameter 'org.apache.myfaces.INITIALIZE_SKIP_JAR_FACES_CONFIG_SCAN' found, using default value 'false'.
2020-06-20 14:03:08.132  INFO 17276 --- [main] o.a.m.webapp.WebConfigParamsLogger       : No context init parameter 'org.apache.myfaces.EL_RESOLVER_COMPARATOR' found.
2020-06-20 14:03:08.133  INFO 17276 --- [main] o.a.m.webapp.WebConfigParamsLogger       : No context init parameter 'org.apache.myfaces.EL_RESOLVER_PREDICATE' found.
2020-06-20 14:03:08.134  INFO 17276 --- [main] o.a.m.webapp.WebConfigParamsLogger       : No context init parameter 'org.apache.myfaces.DEFAULT_WINDOW_MODE' found, using default value 'url'.
2020-06-20 14:03:08.134  INFO 17276 --- [main] o.a.m.webapp.WebConfigParamsLogger       : No context init parameter 'org.apache.myfaces.CHECKED_VIEWID_CACHE_SIZE' found, using default value '500'.
2020-06-20 14:03:08.134  INFO 17276 --- [main] o.a.m.webapp.WebConfigParamsLogger       : No context init parameter 'org.apache.myfaces.CHECKED_VIEWID_CACHE_ENABLED' found, using default value 'true'.
2020-06-20 14:03:08.134  INFO 17276 --- [main] o.a.m.webapp.WebConfigParamsLogger       : No context init parameter 'org.apache.myfaces.ERROR_TEMPLATE_RESOURCE' found, using default value 'META-INF/rsc/myfaces-dev-error.xml'.
2020-06-20 14:03:08.134  INFO 17276 --- [main] o.a.m.webapp.WebConfigParamsLogger       : No context init parameter 'org.apache.myfaces.DEBUG_TEMPLATE_RESOURCE' found, using default value 'META-INF/rsc/myfaces-dev-debug.xml'.
2020-06-20 14:03:08.134  INFO 17276 --- [main] o.a.m.webapp.WebConfigParamsLogger       : No context init parameter 'org.apache.myfaces.ERROR_HANDLING' found, using default value 'false, on Development Project stage: true'.
2020-06-20 14:03:08.134  INFO 17276 --- [main] o.a.m.webapp.WebConfigParamsLogger       : No context init parameter 'org.apache.myfaces.HANDLE_STATE_CACHING_MECHANICS' found, using default value 'true'.
2020-06-20 14:03:08.134  INFO 17276 --- [main] o.a.m.webapp.WebConfigParamsLogger       : No context init parameter 'org.apache.myfaces.AUTOCOMPLETE_OFF_VIEW_STATE' found, using default value 'true'.
2020-06-20 14:03:08.134  INFO 17276 --- [main] o.a.m.webapp.WebConfigParamsLogger       : No context init parameter 'org.apache.myfaces.USE_MULTIPLE_JS_FILES_FOR_JSF_UNCOMPRESSED_JS' found, using default value 'false'.
2020-06-20 14:03:08.134  INFO 17276 --- [main] o.a.m.webapp.WebConfigParamsLogger       : No context init parameter 'org.apache.myfaces.JSF_JS_MODE' found, using default value 'normal'.
2020-06-20 14:03:08.135  INFO 17276 --- [main] o.a.m.webapp.WebConfigParamsLogger       : No context init parameter 'org.apache.myfaces.TEMPORAL_RESOURCEHANDLER_CACHE_ENABLED' found, using default value 'false'.
2020-06-20 14:03:08.135  INFO 17276 --- [main] o.a.m.webapp.WebConfigParamsLogger       : No context init parameter 'org.apache.myfaces.SERVICE_PROVIDER_FINDER' found.
2020-06-20 14:03:08.135  INFO 17276 --- [main] o.a.m.webapp.WebConfigParamsLogger       : No context init parameter 'org.apache.myfaces.spi.InjectionProvider' found.
2020-06-20 14:03:08.135  INFO 17276 --- [main] o.a.m.webapp.WebConfigParamsLogger       : No context init parameter 'javax.faces.DISABLE_FACELET_JSF_VIEWHANDLER' found, using default value 'false'.
2020-06-20 14:03:08.135  INFO 17276 --- [main] o.a.m.webapp.WebConfigParamsLogger       : No context init parameter 'org.apache.myfaces.SAVE_STATE_WITH_VISIT_TREE_ON_PSS' found, using default value 'true'.
2020-06-20 14:03:08.136  INFO 17276 --- [main] o.a.m.webapp.WebConfigParamsLogger       : No context init parameter 'org.apache.myfaces.CHECK_ID_PRODUCTION_MODE' found, using default value 'auto'.
2020-06-20 14:03:08.136  INFO 17276 --- [main] o.a.m.webapp.WebConfigParamsLogger       : No context init parameter 'facelets.BUFFER_SIZE' found.
2020-06-20 14:03:08.136  INFO 17276 --- [main] o.a.m.webapp.WebConfigParamsLogger       : No context init parameter 'facelets.REFRESH_PERIOD' found, using default value '-1'.
2020-06-20 14:03:08.136  INFO 17276 --- [main] o.a.m.webapp.WebConfigParamsLogger       : No context init parameter 'javax.faces.FACELETS_RESOURCE_RESOLVER' found.
2020-06-20 14:03:08.136  INFO 17276 --- [main] o.a.m.webapp.WebConfigParamsLogger       : No context init parameter 'facelets.RESOURCE_RESOLVER' found.
2020-06-20 14:03:08.136  INFO 17276 --- [main] o.a.m.webapp.WebConfigParamsLogger       : No context init parameter 'org.apache.myfaces.MARK_INITIAL_STATE_WHEN_APPLY_BUILD_VIEW' found, using default value 'false'.
2020-06-20 14:03:08.136  INFO 17276 --- [main] o.a.m.webapp.WebConfigParamsLogger       : No context init parameter 'facelets.DECORATORS' found.
2020-06-20 14:03:08.136  INFO 17276 --- [main] o.a.m.webapp.WebConfigParamsLogger       : No context init parameter 'facelets.SKIP_COMMENTS' found.
2020-06-20 14:03:08.136  INFO 17276 --- [main] o.a.m.webapp.WebConfigParamsLogger       : No context init parameter 'org.apache.myfaces.WRAP_TAG_EXCEPTIONS_AS_CONTEXT_AWARE' found, using default value 'true'.
2020-06-20 14:03:08.136  INFO 17276 --- [main] o.a.m.webapp.WebConfigParamsLogger       : No context init parameter 'org.apache.myfaces.CACHE_EL_EXPRESSIONS' found, using default value 'noCache'.
2020-06-20 14:03:08.136  INFO 17276 --- [main] o.a.m.webapp.WebConfigParamsLogger       : No context init parameter 'org.apache.myfaces.VIEW_POOL_MAX_POOL_SIZE' found, using default value '5'.
2020-06-20 14:03:08.136  INFO 17276 --- [main] o.a.m.webapp.WebConfigParamsLogger       : No context init parameter 'org.apache.myfaces.VIEW_POOL_MAX_DYNAMIC_PARTIAL_LIMIT' found, using default value '2'.
2020-06-20 14:03:08.137  INFO 17276 --- [main] o.a.m.webapp.WebConfigParamsLogger       : No context init parameter 'org.apache.myfaces.VIEW_POOL_ENTRY_MODE' found, using default value 'soft'.
2020-06-20 14:03:08.137  INFO 17276 --- [main] o.a.m.webapp.WebConfigParamsLogger       : No context init parameter 'org.apache.myfaces.VIEW_POOL_DEFERRED_NAVIGATION' found, using default value 'false'.
2020-06-20 14:03:08.137  INFO 17276 --- [main] o.a.m.webapp.WebConfigParamsLogger       : No context init parameter 'org.apache.myfaces.validator.BEAN_BEFORE_JSF_VALIDATION' found, using default value 'false'.
2020-06-20 14:03:08.137  INFO 17276 --- [main] o.a.m.webapp.WebConfigParamsLogger       : No context init parameter 'org.apache.myfaces.EXPRESSION_FACTORY' found.
2020-06-20 14:03:08.137  INFO 17276 --- [main] o.a.m.webapp.WebConfigParamsLogger       : No context init parameter 'org.apache.myfaces.INITIALIZE_ALWAYS_STANDALONE' found, using default value 'false'.
2020-06-20 14:03:08.137  INFO 17276 --- [main] o.a.m.webapp.WebConfigParamsLogger       : No context init parameter 'org.apache.myfaces.LOG_WEB_CONTEXT_PARAMS' found, using default value 'auto'.
2020-06-20 14:03:08.137  INFO 17276 --- [main] o.a.m.webapp.WebConfigParamsLogger       : No context init parameter 'org.apache.myfaces.FACES_INITIALIZER' found.
2020-06-20 14:03:08.137  INFO 17276 --- [main] o.a.m.webapp.WebConfigParamsLogger       : No context init parameter 'org.apache.myfaces.FACES_INIT_PLUGINS' found.
2020-06-20 14:03:08.137  INFO 17276 --- [main] o.a.myfaces.util.ExternalSpecifications  : MyFaces Unified EL support enabled
2020-06-20 14:03:08.142  INFO 17276 --- [main] o.a.m.view.facelets.ViewPoolProcessor    : org.apache.myfaces.CACHE_EL_EXPRESSIONS web config parameter is set to "noCache". To enable view pooling this param must be set to "alwaysRecompile". View Pooling disabled.
2020-06-20 14:03:08.162  INFO 17276 --- [main] o.a.m.w.StartupServletContextListener    : MyFaces Core has started, it took [3792] ms.
2020-06-20 14:03:08.170  INFO 17276 --- [main] unknown.jul.logger                       : RewriteFilter starting up...
2020-06-20 14:03:08.195  INFO 17276 --- [main] unknown.jul.logger                       : Loaded [3] org.ocpsoft.rewrite.servlet.spi.RewriteLifecycleListener [org.ocpsoft.rewrite.faces.FacesRewriteLifecycleListener<0>, org.ocpsoft.rewrite.servlet.config.lifecycle.JoinRewriteLifecycleListener<2147483647>, org.ocpsoft.rewrite.servlet.impl.DefaultRewriteLifecycleListener<2147483647>]
2020-06-20 14:03:08.195  INFO 17276 --- [main] unknown.jul.logger                       : Loaded [1] org.ocpsoft.rewrite.servlet.spi.RequestCycleWrapper [org.ocpsoft.rewrite.servlet.impl.HttpRewriteRequestCycleWrapper<0>]
2020-06-20 14:03:08.195  INFO 17276 --- [main] unknown.jul.logger                       : Loaded [1] org.ocpsoft.rewrite.spi.RewriteProvider [org.ocpsoft.rewrite.servlet.impl.DefaultHttpRewriteProvider<0>]
2020-06-20 14:03:08.196  INFO 17276 --- [main] unknown.jul.logger                       : Loaded [1] org.ocpsoft.rewrite.servlet.spi.RewriteResultHandler [org.ocpsoft.rewrite.servlet.impl.HttpRewriteResultHandler<0>]
2020-06-20 14:03:08.196  INFO 17276 --- [main] unknown.jul.logger                       : Loaded [1] org.ocpsoft.rewrite.servlet.spi.InboundRewriteProducer [org.ocpsoft.rewrite.servlet.impl.HttpInboundRewriteProducer<0>]
2020-06-20 14:03:08.196  INFO 17276 --- [main] unknown.jul.logger                       : Loaded [1] org.ocpsoft.rewrite.servlet.spi.OutboundRewriteProducer [org.ocpsoft.rewrite.servlet.impl.HttpOutboundRewriteProducer<0>]
2020-06-20 14:03:08.196  INFO 17276 --- [main] unknown.jul.logger                       : Loaded [0] org.ocpsoft.rewrite.servlet.spi.ContextListener []
2020-06-20 14:03:08.197  INFO 17276 --- [main] unknown.jul.logger                       : Loaded [0] org.ocpsoft.rewrite.servlet.spi.RequestListener []
2020-06-20 14:03:08.197  INFO 17276 --- [main] unknown.jul.logger                       : Loaded [0] org.ocpsoft.rewrite.servlet.spi.RequestParameterProvider []
2020-06-20 14:03:08.199  INFO 17276 --- [main] unknown.jul.logger                       : Loaded [1] org.ocpsoft.rewrite.el.spi.ExpressionLanguageProvider [org.ocpsoft.rewrite.faces.FacesExpressionLanguageProvider<30>]
2020-06-20 14:03:08.202  INFO 17276 --- [main] unknown.jul.logger                       : Loaded [1] org.ocpsoft.rewrite.spi.InvocationResultHandler [org.ocpsoft.rewrite.faces.NavigatingInvocationResultHandler<100>]
2020-06-20 14:03:08.203  INFO 17276 --- [main] unknown.jul.logger                       : Loaded [0] org.ocpsoft.common.spi.ServiceEnricher []
2020-06-20 14:03:08.206  INFO 17276 --- [main] unknown.jul.logger                       : Loaded [1] org.ocpsoft.rewrite.spi.ConfigurationCacheProvider [org.ocpsoft.rewrite.servlet.impl.ServletContextConfigurationCacheProvider<0>]
2020-06-20 14:03:08.209  INFO 17276 --- [main] unknown.jul.logger                       : Loaded [1] org.ocpsoft.rewrite.config.ConfigurationProvider [org.ocpsoft.rewrite.annotation.config.AnnotationConfigProvider<100>]
2020-06-20 14:03:08.213  INFO 17276 --- [main] unknown.jul.logger                       : Loaded [0] org.ocpsoft.rewrite.spi.RuleCacheProvider []
2020-06-20 14:03:09.274  INFO 17276 --- [main] unknown.jul.logger                       : Loaded [1] org.ocpsoft.rewrite.spi.GlobalParameterProvider [org.ocpsoft.rewrite.instance.WildcardParameterProvider<0>]
2020-06-20 14:03:09.488  INFO 17276 --- [main] unknown.jul.logger                       : Rewrite 3.4.1.Final initialized.
2020-06-20 14:03:09.751  INFO 17276 --- [main] o.hibernate.jpa.internal.util.LogHelper  : HHH000204: Processing PersistenceUnitInfo [name: default]
2020-06-20 14:03:09.946  INFO 17276 --- [main] org.hibernate.Version                    : HHH000412: Hibernate ORM core version 5.4.12.Final
2020-06-20 14:03:10.247  INFO 17276 --- [main] o.hibernate.annotations.common.Version   : HCANN000001: Hibernate Commons Annotations {5.1.0.Final}
2020-06-20 14:03:10.427  INFO 17276 --- [main] com.zaxxer.hikari.HikariDataSource       : HikariPool-1 - Starting...
2020-06-20 14:03:10.697  INFO 17276 --- [main] com.zaxxer.hikari.HikariDataSource       : HikariPool-1 - Start completed.
2020-06-20 14:03:10.720  INFO 17276 --- [main] org.hibernate.dialect.Dialect            : HHH000400: Using dialect: org.hibernate.dialect.MySQL5InnoDBDialect
2020-06-20 14:03:12.894  INFO 17276 --- [main] o.h.e.t.j.p.i.JtaPlatformInitiator       : HHH000490: Using JtaPlatform implementation: [org.hibernate.engine.transaction.jta.platform.internal.NoJtaPlatform]
2020-06-20 14:03:12.906  INFO 17276 --- [main] j.LocalContainerEntityManagerFactoryBean : Initialized JPA EntityManagerFactory for persistence unit 'default'
2020-06-20 14:03:14.180  WARN 17276 --- [main] JpaBaseConfiguration$JpaWebConfiguration : spring.jpa.open-in-view is enabled by default. Therefore, database queries may be performed during view rendering. Explicitly configure spring.jpa.open-in-view to disable this warning
2020-06-20 14:03:14.408  INFO 17276 --- [main] o.s.s.concurrent.ThreadPoolTaskExecutor  : Initializing ExecutorService 'applicationTaskExecutor'
2020-06-20 14:03:14.857  INFO 17276 --- [main] o.s.b.w.embedded.tomcat.TomcatWebServer  : Tomcat started on port(s): 8081 (http) with context path ''
2020-06-20 14:03:14.860  INFO 17276 --- [main] t.e.spring.DariSpringBootApplication     : Started DariSpringBootApplication in 14.683 seconds (JVM running for 16.06)
2020-06-20 14:06:47.373  INFO 17276 --- [http-nio-8081-exec-1] unknown.jul.logger                       : Loaded [1] org.ocpsoft.rewrite.spi.GlobalParameterProvider [org.ocpsoft.rewrite.instance.WildcardParameterProvider<0>]
2020-06-20 14:06:47.934  INFO 17276 --- [http-nio-8081-exec-1] j.f.component._ExternalSpecifications    : MyFaces Bean Validation support enabled
2020-06-20 14:06:48.096  WARN 17276 --- [http-nio-8081-exec-1] o.a.m.s.r.html.util.OutcomeTargetUtils   : Could not determine NavigationCase for UIOutcomeTarget component {Component-Path : [Class: javax.faces.component.UIViewRoot,ViewId: /templateyoussef/login.xhtml][Class: javax.faces.component.html.HtmlForm,Id: form][Class: javax.faces.component.html.HtmlOutcomeTargetLink,Id: j_id_h]} with outcome /ForgetPassword
2020-06-20 14:06:48.101  INFO 17276 --- [http-nio-8081-exec-1] o.a.c.c.C.[Tomcat].[localhost].[/]       : No state saving method defined, assuming default server state saving
2020-06-20 14:06:48.343  INFO 17276 --- [http-nio-8081-exec-2] o.a.c.c.C.[Tomcat].[localhost].[/]       : Initializing Spring DispatcherServlet 'dispatcherServlet'
2020-06-20 14:06:48.343  INFO 17276 --- [http-nio-8081-exec-2] o.s.web.servlet.DispatcherServlet        : Initializing Servlet 'dispatcherServlet'
2020-06-20 14:06:48.363  INFO 17276 --- [http-nio-8081-exec-2] o.s.web.servlet.DispatcherServlet        : Completed initialization in 19 ms
2020-06-20 14:06:58.522  WARN 17276 --- [http-nio-8081-exec-6] o.a.m.s.r.html.util.OutcomeTargetUtils   : Could not determine NavigationCase for UIOutcomeTarget component {Component-Path : [Class: javax.faces.component.UIViewRoot,ViewId: /templateyoussef/home.xhtml][Class: javax.faces.component.html.HtmlBody,Id: j_id_g][Class: javax.faces.component.html.HtmlBody,Id: j_id_j][Class: javax.faces.component.html.HtmlOutcomeTargetLink,Id: j_id_v]} with outcome templateyoussef/furniture
2020-06-20 15:27:15.128  INFO 17276 --- [RMI TCP Connection(2)-127.0.0.1] inMXBeanRegistrar$SpringApplicationAdmin : Application shutdown requested.
2020-06-20 15:27:15.174  INFO 17276 --- [RMI TCP Connection(2)-127.0.0.1] o.s.s.concurrent.ThreadPoolTaskExecutor  : Shutting down ExecutorService 'applicationTaskExecutor'
2020-06-20 15:27:15.190  INFO 17276 --- [RMI TCP Connection(2)-127.0.0.1] j.LocalContainerEntityManagerFactoryBean : Closing JPA EntityManagerFactory for persistence unit 'default'
2020-06-20 15:27:15.214  INFO 17276 --- [RMI TCP Connection(2)-127.0.0.1] com.zaxxer.hikari.HikariDataSource       : HikariPool-1 - Shutdown initiated...
2020-06-20 15:27:15.222  INFO 17276 --- [RMI TCP Connection(2)-127.0.0.1] com.zaxxer.hikari.HikariDataSource       : HikariPool-1 - Shutdown completed.
